#
# A fatal error has been detected by the Java Runtime Environment:
#
#  Internal Error (safepoint.cpp:929), pid=71913, tid=27395
#  fatal error: Illegal threadstate encountered: 4
#
# JRE version: OpenJDK Runtime Environment Zulu11.50+19-CA (11.0.12+7) (build 11.0.12+7-LTS)
# Java VM: OpenJDK 64-Bit Server VM Zulu11.50+19-CA (11.0.12+7-LTS, mixed mode, tiered, compressed oops, g1 gc, bsd-aarch64)
# No core dump will be written. Core dumps have been disabled. To enable core dumping, try "ulimit -c unlimited" before starting Java again
#
# If you would like to submit a bug report, please visit:
#   http://www.azul.com/support/
# The crash happened outside the Java Virtual Machine in native code.
# See problematic frame for where to report the bug.
#

---------------  S U M M A R Y ------------

Command Line: -Dfile.encoding=UTF-8 -Duser.country=SG -Duser.language=en -Duser.variant seedu.address.Main

Host: MacBookAir10,1 arm64 1 MHz, 8 cores, 8G, Darwin 21.6.0
Time: Mon Sep 19 18:11:14 2022 +08 elapsed time: 17.077619 seconds (0d 0h 0m 17s)

---------------  T H R E A D  ---------------

Current thread (0x000000013794d000):  JavaThread "InvokeLaterDispatcher" daemon [_thread_in_native, id=27395, stack(0x000000016db30000,0x000000016dd33000)]

Stack: [0x000000016db30000,0x000000016dd33000],  sp=0x000000016dd320a0,  free space=2056k
Native frames: (J=compiled Java code, A=aot compiled Java code, j=interpreted, Vv=VM code, C=native code)
V  [libjvm.dylib+0x72d53c]  VMError::report_and_die(int, char const*, char const*, char*, Thread*, unsigned char*, void*, void*, char const*, int, unsigned long)+0x600
V  [libjvm.dylib+0x72dc2c]  VMError::report_and_die(Thread*, void*, char const*, int, char const*, char const*, char*)+0x40
V  [libjvm.dylib+0x20257c]  report_fatal(char const*, int, char const*, ...)+0x58
V  [libjvm.dylib+0x6037c0]  SafepointSynchronize::block(JavaThread*)+0x218
V  [libjvm.dylib+0x6e5550]  JavaThread::check_safepoint_and_suspend_for_native_trans(JavaThread*)+0xb8
V  [libjvm.dylib+0x37884c]  jni_DeleteGlobalRef+0xc0
C  [libglass.dylib+0xa840]  -[GlassRunnable dealloc]+0x34
C  [Foundation+0x852e8]  -[_NSThreadPerformInfo dealloc]+0x30
C  [Foundation+0x5187c]  -[NSObject(NSThreadPerformAdditions) performSelectorOnMainThread:withObject:waitUntilDone:]+0x88
C  0x0f65800116e3d5cc
J 3088 c1 com.sun.glass.ui.mac.MacApplication.submitForLaterInvocation(Ljava/lang/Runnable;)V javafx.graphics@11.0.12 (6 bytes) @ 0x000000010fe633d8 [0x000000010fe63340+0x0000000000000098]
C  0x0000000747521600

Java frames: (J=compiled Java code, j=interpreted, Vv=VM code)
J 3116  com.sun.glass.ui.mac.MacApplication._submitForLaterInvocation(Ljava/lang/Runnable;)V javafx.graphics@11.0.12 (0 bytes) @ 0x0000000116e3d5d0 [0x0000000116e3d540+0x0000000000000090]
J 3088 c1 com.sun.glass.ui.mac.MacApplication.submitForLaterInvocation(Ljava/lang/Runnable;)V javafx.graphics@11.0.12 (6 bytes) @ 0x000000010fe633d8 [0x000000010fe63340+0x0000000000000098]
j  com.sun.glass.ui.InvokeLaterDispatcher.run()V+82 javafx.graphics@11.0.12
v  ~StubRoutines::call_stub

---------------  P R O C E S S  ---------------

Threads class SMR info:
_java_thread_list=0x00006000036c3940, length=16, elements={
0x0000000137809000, 0x0000000135099800, 0x0000000135814000, 0x0000000137824800,
0x0000000136862800, 0x0000000135016000, 0x0000000137821000, 0x000000013782f800,
0x000000013786f000, 0x00000001350cd000, 0x00000001368af800, 0x000000013794d000,
0x00000001359cf000, 0x0000000135d61800, 0x0000000136b20000, 0x0000000136b29800
}

Java Threads: ( => current thread )
  0x0000000137809000 JavaThread "main" [_thread_blocked, id=10243, stack(0x000000016b540000,0x000000016b743000)]
  0x0000000135099800 JavaThread "Reference Handler" daemon [_thread_blocked, id=18179, stack(0x000000016c394000,0x000000016c597000)]
  0x0000000135814000 JavaThread "Finalizer" daemon [_thread_blocked, id=14339, stack(0x000000016c5a0000,0x000000016c7a3000)]
  0x0000000137824800 JavaThread "Signal Dispatcher" daemon [_thread_blocked, id=15107, stack(0x000000016c8c4000,0x000000016cac7000)]
  0x0000000136862800 JavaThread "Service Thread" daemon [_thread_blocked, id=43267, stack(0x000000016cad0000,0x000000016ccd3000)]
  0x0000000135016000 JavaThread "C2 CompilerThread0" daemon [_thread_blocked, id=42499, stack(0x000000016ccdc000,0x000000016cedf000)]
  0x0000000137821000 JavaThread "C1 CompilerThread0" daemon [_thread_blocked, id=41731, stack(0x000000016cee8000,0x000000016d0eb000)]
  0x000000013782f800 JavaThread "Sweeper thread" daemon [_thread_blocked, id=22019, stack(0x000000016d0f4000,0x000000016d2f7000)]
  0x000000013786f000 JavaThread "Common-Cleaner" daemon [_thread_blocked, id=22275, stack(0x000000016d50c000,0x000000016d70f000)]
  0x00000001350cd000 JavaThread "JavaFX-Launcher" [_thread_blocked, id=22787, stack(0x000000016d718000,0x000000016d91b000)]
  0x00000001368af800 JavaThread "QuantumRenderer-0" daemon [_thread_blocked, id=39171, stack(0x000000016d924000,0x000000016db27000)]
=>0x000000013794d000 JavaThread "InvokeLaterDispatcher" daemon [_thread_in_native, id=27395, stack(0x000000016db30000,0x000000016dd33000)]
  0x00000001359cf000 JavaThread "JavaFX Application Thread" [_thread_in_native_trans, id=259, stack(0x00000001694b4000,0x000000016b4b4000)]
  0x0000000135d61800 JavaThread "Prism Font Disposer" daemon [_thread_blocked, id=57867, stack(0x000000016eca8000,0x000000016eeab000)]
  0x0000000136b20000 JavaThread "Cleaner-0" daemon [_thread_blocked, id=60427, stack(0x000000016f09c000,0x000000016f29f000)]
  0x0000000136b29800 JavaThread "PulseTimer-CVDisplayLink thread" daemon [_thread_in_native, id=67847, stack(0x000000016fe68000,0x000000016feeb000)]

Other Threads:
  0x000000013580c000 VMThread "VM Thread" [stack: 0x000000016c188000,0x000000016c38b000] [id=18691] _threads_hazard_ptr=0x00006000036c3940
  0x000000013781e800 WatcherThread [stack: 0x000000016d300000,0x000000016d503000] [id=40707]
  0x0000000137817800 GCTaskThread "GC Thread#0" [stack: 0x000000016b74c000,0x000000016b94f000] [id=12035]
  0x0000000136924800 GCTaskThread "GC Thread#1" [stack: 0x000000016e060000,0x000000016e263000] [id=70407]
  0x0000000136949800 GCTaskThread "GC Thread#2" [stack: 0x000000016e26c000,0x000000016e46f000] [id=70155]
  0x0000000136a8a000 GCTaskThread "GC Thread#3" [stack: 0x000000016e478000,0x000000016e67b000] [id=69891]
  0x0000000136a91000 GCTaskThread "GC Thread#4" [stack: 0x000000016e684000,0x000000016e887000] [id=69379]
  0x0000000136a92000 GCTaskThread "GC Thread#5" [stack: 0x000000016e890000,0x000000016ea93000] [id=68867]
  0x0000000136833800 ConcurrentGCThread "G1 Main Marker" [stack: 0x000000016b958000,0x000000016bb5b000] [id=12547]
  0x000000013500c000 ConcurrentGCThread "G1 Conc#0" [stack: 0x000000016bb64000,0x000000016bd67000] [id=20739]
  0x0000000137cda000 ConcurrentGCThread "G1 Conc#1" [stack: 0x000000016ea9c000,0x000000016ec9f000] [id=68355]
  0x0000000135076000 ConcurrentGCThread "G1 Refine#0" [stack: 0x000000016bd70000,0x000000016bf73000] [id=20227]
  0x0000000135076800 ConcurrentGCThread "G1 Young RemSet Sampling" [stack: 0x000000016bf7c000,0x000000016c17f000] [id=19971]

Threads with active compile tasks:

VM state:synchronizing (normal execution)

VM Mutex/Monitor currently owned by a thread:  ([mutex/lock_event])
[0x00006000019c1a80] Safepoint_lock - owner thread: 0x000000013580c000
[0x00006000019c1b00] Threads_lock - owner thread: 0x000000013580c000

Heap address: 0x0000000740000000, size: 2048 MB, Compressed Oops mode: Zero based, Oop shift amount: 3
Narrow klass base: 0x0000000800000000, Narrow klass shift: 0
Compressed class space size: 1073741824 Address: 0x0000000800000000

Heap:
 garbage-first heap   total 131072K, used 37245K [0x0000000740000000, 0x00000007c0000000)
  region size 1024K, 35 young (35840K), 5 survivors (5120K)
 Metaspace       used 31586K, capacity 32896K, committed 33200K, reserved 1077248K
  class space    used 4205K, capacity 4816K, committed 4864K, reserved 1048576K
Heap Regions: E=young(eden), S=young(survivor), O=old, HS=humongous(starts), HC=humongous(continues), CS=collection set, F=free, A=archive, TAMS=top-at-mark-start (previous, next)
|   0|0x0000000740000000, 0x0000000740100000, 0x0000000740100000|100%| O|  |TAMS 0x0000000740100000, 0x0000000740000000| Untracked 
|   1|0x0000000740100000, 0x0000000740200000, 0x0000000740200000|100%| O|  |TAMS 0x0000000740200000, 0x0000000740100000| Untracked 
|   2|0x0000000740200000, 0x0000000740211600, 0x0000000740300000|  6%| O|  |TAMS 0x0000000740211600, 0x0000000740200000| Untracked 
|   3|0x0000000740300000, 0x0000000740400000, 0x0000000740400000|100%|HS|  |TAMS 0x0000000740300000, 0x0000000740300000| Complete 
|   4|0x0000000740400000, 0x0000000740500000, 0x0000000740500000|100%|HC|  |TAMS 0x0000000740400000, 0x0000000740400000| Complete 
|   5|0x0000000740500000, 0x0000000740500000, 0x0000000740600000|  0%| F|  |TAMS 0x0000000740500000, 0x0000000740500000| Untracked 
|   6|0x0000000740600000, 0x0000000740600000, 0x0000000740700000|  0%| F|  |TAMS 0x0000000740600000, 0x0000000740600000| Untracked 
|   7|0x0000000740700000, 0x0000000740700000, 0x0000000740800000|  0%| F|  |TAMS 0x0000000740700000, 0x0000000740700000| Untracked 
|   8|0x0000000740800000, 0x0000000740800000, 0x0000000740900000|  0%| F|  |TAMS 0x0000000740800000, 0x0000000740800000| Untracked 
|   9|0x0000000740900000, 0x0000000740900000, 0x0000000740a00000|  0%| F|  |TAMS 0x0000000740900000, 0x0000000740900000| Untracked 
|  10|0x0000000740a00000, 0x0000000740a00000, 0x0000000740b00000|  0%| F|  |TAMS 0x0000000740a00000, 0x0000000740a00000| Untracked 
|  11|0x0000000740b00000, 0x0000000740b00000, 0x0000000740c00000|  0%| F|  |TAMS 0x0000000740b00000, 0x0000000740b00000| Untracked 
|  12|0x0000000740c00000, 0x0000000740c00000, 0x0000000740d00000|  0%| F|  |TAMS 0x0000000740c00000, 0x0000000740c00000| Untracked 
|  13|0x0000000740d00000, 0x0000000740d00000, 0x0000000740e00000|  0%| F|  |TAMS 0x0000000740d00000, 0x0000000740d00000| Untracked 
|  14|0x0000000740e00000, 0x0000000740e00000, 0x0000000740f00000|  0%| F|  |TAMS 0x0000000740e00000, 0x0000000740e00000| Untracked 
|  15|0x0000000740f00000, 0x0000000740f00000, 0x0000000741000000|  0%| F|  |TAMS 0x0000000740f00000, 0x0000000740f00000| Untracked 
|  16|0x0000000741000000, 0x0000000741000000, 0x0000000741100000|  0%| F|  |TAMS 0x0000000741000000, 0x0000000741000000| Untracked 
|  17|0x0000000741100000, 0x0000000741100000, 0x0000000741200000|  0%| F|  |TAMS 0x0000000741100000, 0x0000000741100000| Untracked 
|  18|0x0000000741200000, 0x0000000741200000, 0x0000000741300000|  0%| F|  |TAMS 0x0000000741200000, 0x0000000741200000| Untracked 
|  19|0x0000000741300000, 0x0000000741300000, 0x0000000741400000|  0%| F|  |TAMS 0x0000000741300000, 0x0000000741300000| Untracked 
|  20|0x0000000741400000, 0x0000000741400000, 0x0000000741500000|  0%| F|  |TAMS 0x0000000741400000, 0x0000000741400000| Untracked 
|  21|0x0000000741500000, 0x0000000741500000, 0x0000000741600000|  0%| F|  |TAMS 0x0000000741500000, 0x0000000741500000| Untracked 
|  22|0x0000000741600000, 0x0000000741600000, 0x0000000741700000|  0%| F|  |TAMS 0x0000000741600000, 0x0000000741600000| Untracked 
|  23|0x0000000741700000, 0x0000000741700000, 0x0000000741800000|  0%| F|  |TAMS 0x0000000741700000, 0x0000000741700000| Untracked 
|  24|0x0000000741800000, 0x0000000741800000, 0x0000000741900000|  0%| F|  |TAMS 0x0000000741800000, 0x0000000741800000| Untracked 
|  25|0x0000000741900000, 0x0000000741900000, 0x0000000741a00000|  0%| F|  |TAMS 0x0000000741900000, 0x0000000741900000| Untracked 
|  26|0x0000000741a00000, 0x0000000741a00000, 0x0000000741b00000|  0%| F|  |TAMS 0x0000000741a00000, 0x0000000741a00000| Untracked 
|  27|0x0000000741b00000, 0x0000000741b00000, 0x0000000741c00000|  0%| F|  |TAMS 0x0000000741b00000, 0x0000000741b00000| Untracked 
|  28|0x0000000741c00000, 0x0000000741c00000, 0x0000000741d00000|  0%| F|  |TAMS 0x0000000741c00000, 0x0000000741c00000| Untracked 
|  29|0x0000000741d00000, 0x0000000741d00000, 0x0000000741e00000|  0%| F|  |TAMS 0x0000000741d00000, 0x0000000741d00000| Untracked 
|  30|0x0000000741e00000, 0x0000000741e00000, 0x0000000741f00000|  0%| F|  |TAMS 0x0000000741e00000, 0x0000000741e00000| Untracked 
|  31|0x0000000741f00000, 0x0000000741f00000, 0x0000000742000000|  0%| F|  |TAMS 0x0000000741f00000, 0x0000000741f00000| Untracked 
|  32|0x0000000742000000, 0x0000000742000000, 0x0000000742100000|  0%| F|  |TAMS 0x0000000742000000, 0x0000000742000000| Untracked 
|  33|0x0000000742100000, 0x0000000742100000, 0x0000000742200000|  0%| F|  |TAMS 0x0000000742100000, 0x0000000742100000| Untracked 
|  34|0x0000000742200000, 0x0000000742200000, 0x0000000742300000|  0%| F|  |TAMS 0x0000000742200000, 0x0000000742200000| Untracked 
|  35|0x0000000742300000, 0x0000000742300000, 0x0000000742400000|  0%| F|  |TAMS 0x0000000742300000, 0x0000000742300000| Untracked 
|  36|0x0000000742400000, 0x0000000742400000, 0x0000000742500000|  0%| F|  |TAMS 0x0000000742400000, 0x0000000742400000| Untracked 
|  37|0x0000000742500000, 0x0000000742500000, 0x0000000742600000|  0%| F|  |TAMS 0x0000000742500000, 0x0000000742500000| Untracked 
|  38|0x0000000742600000, 0x0000000742600000, 0x0000000742700000|  0%| F|  |TAMS 0x0000000742600000, 0x0000000742600000| Untracked 
|  39|0x0000000742700000, 0x0000000742700000, 0x0000000742800000|  0%| F|  |TAMS 0x0000000742700000, 0x0000000742700000| Untracked 
|  40|0x0000000742800000, 0x0000000742800000, 0x0000000742900000|  0%| F|  |TAMS 0x0000000742800000, 0x0000000742800000| Untracked 
|  41|0x0000000742900000, 0x0000000742900000, 0x0000000742a00000|  0%| F|  |TAMS 0x0000000742900000, 0x0000000742900000| Untracked 
|  42|0x0000000742a00000, 0x0000000742a00000, 0x0000000742b00000|  0%| F|  |TAMS 0x0000000742a00000, 0x0000000742a00000| Untracked 
|  43|0x0000000742b00000, 0x0000000742b00000, 0x0000000742c00000|  0%| F|  |TAMS 0x0000000742b00000, 0x0000000742b00000| Untracked 
|  44|0x0000000742c00000, 0x0000000742c00000, 0x0000000742d00000|  0%| F|  |TAMS 0x0000000742c00000, 0x0000000742c00000| Untracked 
|  45|0x0000000742d00000, 0x0000000742d00000, 0x0000000742e00000|  0%| F|  |TAMS 0x0000000742d00000, 0x0000000742d00000| Untracked 
|  46|0x0000000742e00000, 0x0000000742e00000, 0x0000000742f00000|  0%| F|  |TAMS 0x0000000742e00000, 0x0000000742e00000| Untracked 
|  47|0x0000000742f00000, 0x0000000742f00000, 0x0000000743000000|  0%| F|  |TAMS 0x0000000742f00000, 0x0000000742f00000| Untracked 
|  48|0x0000000743000000, 0x0000000743000000, 0x0000000743100000|  0%| F|  |TAMS 0x0000000743000000, 0x0000000743000000| Untracked 
|  49|0x0000000743100000, 0x0000000743100000, 0x0000000743200000|  0%| F|  |TAMS 0x0000000743100000, 0x0000000743100000| Untracked 
|  50|0x0000000743200000, 0x0000000743200000, 0x0000000743300000|  0%| F|  |TAMS 0x0000000743200000, 0x0000000743200000| Untracked 
|  51|0x0000000743300000, 0x0000000743300000, 0x0000000743400000|  0%| F|  |TAMS 0x0000000743300000, 0x0000000743300000| Untracked 
|  52|0x0000000743400000, 0x0000000743400000, 0x0000000743500000|  0%| F|  |TAMS 0x0000000743400000, 0x0000000743400000| Untracked 
|  53|0x0000000743500000, 0x0000000743500000, 0x0000000743600000|  0%| F|  |TAMS 0x0000000743500000, 0x0000000743500000| Untracked 
|  54|0x0000000743600000, 0x0000000743600000, 0x0000000743700000|  0%| F|  |TAMS 0x0000000743600000, 0x0000000743600000| Untracked 
|  55|0x0000000743700000, 0x0000000743700000, 0x0000000743800000|  0%| F|  |TAMS 0x0000000743700000, 0x0000000743700000| Untracked 
|  56|0x0000000743800000, 0x0000000743800000, 0x0000000743900000|  0%| F|  |TAMS 0x0000000743800000, 0x0000000743800000| Untracked 
|  57|0x0000000743900000, 0x0000000743900000, 0x0000000743a00000|  0%| F|  |TAMS 0x0000000743900000, 0x0000000743900000| Untracked 
|  58|0x0000000743a00000, 0x0000000743a00000, 0x0000000743b00000|  0%| F|  |TAMS 0x0000000743a00000, 0x0000000743a00000| Untracked 
|  59|0x0000000743b00000, 0x0000000743b00000, 0x0000000743c00000|  0%| F|  |TAMS 0x0000000743b00000, 0x0000000743b00000| Untracked 
|  60|0x0000000743c00000, 0x0000000743c00000, 0x0000000743d00000|  0%| F|  |TAMS 0x0000000743c00000, 0x0000000743c00000| Untracked 
|  61|0x0000000743d00000, 0x0000000743d00000, 0x0000000743e00000|  0%| F|  |TAMS 0x0000000743d00000, 0x0000000743d00000| Untracked 
|  62|0x0000000743e00000, 0x0000000743e00000, 0x0000000743f00000|  0%| F|  |TAMS 0x0000000743e00000, 0x0000000743e00000| Untracked 
|  63|0x0000000743f00000, 0x0000000743f00000, 0x0000000744000000|  0%| F|  |TAMS 0x0000000743f00000, 0x0000000743f00000| Untracked 
|  64|0x0000000744000000, 0x0000000744000000, 0x0000000744100000|  0%| F|  |TAMS 0x0000000744000000, 0x0000000744000000| Untracked 
|  65|0x0000000744100000, 0x0000000744100000, 0x0000000744200000|  0%| F|  |TAMS 0x0000000744100000, 0x0000000744100000| Untracked 
|  66|0x0000000744200000, 0x0000000744200000, 0x0000000744300000|  0%| F|  |TAMS 0x0000000744200000, 0x0000000744200000| Untracked 
|  67|0x0000000744300000, 0x0000000744300000, 0x0000000744400000|  0%| F|  |TAMS 0x0000000744300000, 0x0000000744300000| Untracked 
|  68|0x0000000744400000, 0x0000000744400000, 0x0000000744500000|  0%| F|  |TAMS 0x0000000744400000, 0x0000000744400000| Untracked 
|  69|0x0000000744500000, 0x0000000744500000, 0x0000000744600000|  0%| F|  |TAMS 0x0000000744500000, 0x0000000744500000| Untracked 
|  70|0x0000000744600000, 0x0000000744600000, 0x0000000744700000|  0%| F|  |TAMS 0x0000000744600000, 0x0000000744600000| Untracked 
|  71|0x0000000744700000, 0x0000000744700000, 0x0000000744800000|  0%| F|  |TAMS 0x0000000744700000, 0x0000000744700000| Untracked 
|  72|0x0000000744800000, 0x0000000744800000, 0x0000000744900000|  0%| F|  |TAMS 0x0000000744800000, 0x0000000744800000| Untracked 
|  73|0x0000000744900000, 0x0000000744900000, 0x0000000744a00000|  0%| F|  |TAMS 0x0000000744900000, 0x0000000744900000| Untracked 
|  74|0x0000000744a00000, 0x0000000744a00000, 0x0000000744b00000|  0%| F|  |TAMS 0x0000000744a00000, 0x0000000744a00000| Untracked 
|  75|0x0000000744b00000, 0x0000000744b00000, 0x0000000744c00000|  0%| F|  |TAMS 0x0000000744b00000, 0x0000000744b00000| Untracked 
|  76|0x0000000744c00000, 0x0000000744c00000, 0x0000000744d00000|  0%| F|  |TAMS 0x0000000744c00000, 0x0000000744c00000| Untracked 
|  77|0x0000000744d00000, 0x0000000744d00000, 0x0000000744e00000|  0%| F|  |TAMS 0x0000000744d00000, 0x0000000744d00000| Untracked 
|  78|0x0000000744e00000, 0x0000000744e00000, 0x0000000744f00000|  0%| F|  |TAMS 0x0000000744e00000, 0x0000000744e00000| Untracked 
|  79|0x0000000744f00000, 0x0000000744f00000, 0x0000000745000000|  0%| F|  |TAMS 0x0000000744f00000, 0x0000000744f00000| Untracked 
|  80|0x0000000745000000, 0x0000000745000000, 0x0000000745100000|  0%| F|  |TAMS 0x0000000745000000, 0x0000000745000000| Untracked 
|  81|0x0000000745100000, 0x0000000745100000, 0x0000000745200000|  0%| F|  |TAMS 0x0000000745100000, 0x0000000745100000| Untracked 
|  82|0x0000000745200000, 0x0000000745200000, 0x0000000745300000|  0%| F|  |TAMS 0x0000000745200000, 0x0000000745200000| Untracked 
|  83|0x0000000745300000, 0x0000000745300000, 0x0000000745400000|  0%| F|  |TAMS 0x0000000745300000, 0x0000000745300000| Untracked 
|  84|0x0000000745400000, 0x0000000745400000, 0x0000000745500000|  0%| F|  |TAMS 0x0000000745400000, 0x0000000745400000| Untracked 
|  85|0x0000000745500000, 0x0000000745500000, 0x0000000745600000|  0%| F|  |TAMS 0x0000000745500000, 0x0000000745500000| Untracked 
|  86|0x0000000745600000, 0x0000000745600000, 0x0000000745700000|  0%| F|  |TAMS 0x0000000745600000, 0x0000000745600000| Untracked 
|  87|0x0000000745700000, 0x0000000745700000, 0x0000000745800000|  0%| F|  |TAMS 0x0000000745700000, 0x0000000745700000| Untracked 
|  88|0x0000000745800000, 0x0000000745800000, 0x0000000745900000|  0%| F|  |TAMS 0x0000000745800000, 0x0000000745800000| Untracked 
|  89|0x0000000745900000, 0x0000000745900000, 0x0000000745a00000|  0%| F|  |TAMS 0x0000000745900000, 0x0000000745900000| Untracked 
|  90|0x0000000745a00000, 0x0000000745a00000, 0x0000000745b00000|  0%| F|  |TAMS 0x0000000745a00000, 0x0000000745a00000| Untracked 
|  91|0x0000000745b00000, 0x0000000745b00000, 0x0000000745c00000|  0%| F|  |TAMS 0x0000000745b00000, 0x0000000745b00000| Untracked 
|  92|0x0000000745c00000, 0x0000000745c00000, 0x0000000745d00000|  0%| F|  |TAMS 0x0000000745c00000, 0x0000000745c00000| Untracked 
|  93|0x0000000745d00000, 0x0000000745d6ef30, 0x0000000745e00000| 43%| E|  |TAMS 0x0000000745d00000, 0x0000000745d00000| Complete 
|  94|0x0000000745e00000, 0x0000000745f00000, 0x0000000745f00000|100%| E|CS|TAMS 0x0000000745e00000, 0x0000000745e00000| Complete 
|  95|0x0000000745f00000, 0x0000000746000000, 0x0000000746000000|100%| E|CS|TAMS 0x0000000745f00000, 0x0000000745f00000| Complete 
|  96|0x0000000746000000, 0x0000000746100000, 0x0000000746100000|100%| E|CS|TAMS 0x0000000746000000, 0x0000000746000000| Complete 
|  97|0x0000000746100000, 0x0000000746200000, 0x0000000746200000|100%| E|CS|TAMS 0x0000000746100000, 0x0000000746100000| Complete 
|  98|0x0000000746200000, 0x0000000746300000, 0x0000000746300000|100%| E|CS|TAMS 0x0000000746200000, 0x0000000746200000| Complete 
|  99|0x0000000746300000, 0x0000000746400000, 0x0000000746400000|100%| E|CS|TAMS 0x0000000746300000, 0x0000000746300000| Complete 
| 100|0x0000000746400000, 0x0000000746500000, 0x0000000746500000|100%| E|CS|TAMS 0x0000000746400000, 0x0000000746400000| Complete 
| 101|0x0000000746500000, 0x0000000746600000, 0x0000000746600000|100%| E|CS|TAMS 0x0000000746500000, 0x0000000746500000| Complete 
| 102|0x0000000746600000, 0x0000000746700000, 0x0000000746700000|100%| E|CS|TAMS 0x0000000746600000, 0x0000000746600000| Complete 
| 103|0x0000000746700000, 0x0000000746800000, 0x0000000746800000|100%| E|CS|TAMS 0x0000000746700000, 0x0000000746700000| Complete 
| 104|0x0000000746800000, 0x0000000746900000, 0x0000000746900000|100%| E|CS|TAMS 0x0000000746800000, 0x0000000746800000| Complete 
| 105|0x0000000746900000, 0x0000000746a00000, 0x0000000746a00000|100%| E|CS|TAMS 0x0000000746900000, 0x0000000746900000| Complete 
| 106|0x0000000746a00000, 0x0000000746b00000, 0x0000000746b00000|100%| E|CS|TAMS 0x0000000746a00000, 0x0000000746a00000| Complete 
| 107|0x0000000746b00000, 0x0000000746c00000, 0x0000000746c00000|100%| E|CS|TAMS 0x0000000746b00000, 0x0000000746b00000| Complete 
| 108|0x0000000746c00000, 0x0000000746d00000, 0x0000000746d00000|100%| E|CS|TAMS 0x0000000746c00000, 0x0000000746c00000| Complete 
| 109|0x0000000746d00000, 0x0000000746e00000, 0x0000000746e00000|100%| E|CS|TAMS 0x0000000746d00000, 0x0000000746d00000| Complete 
| 110|0x0000000746e00000, 0x0000000746f00000, 0x0000000746f00000|100%| E|CS|TAMS 0x0000000746e00000, 0x0000000746e00000| Complete 
| 111|0x0000000746f00000, 0x0000000747000000, 0x0000000747000000|100%| E|CS|TAMS 0x0000000746f00000, 0x0000000746f00000| Complete 
| 112|0x0000000747000000, 0x0000000747100000, 0x0000000747100000|100%| E|CS|TAMS 0x0000000747000000, 0x0000000747000000| Complete 
| 113|0x0000000747100000, 0x000000074714e050, 0x0000000747200000| 30%| S|CS|TAMS 0x0000000747100000, 0x0000000747100000| Complete 
| 114|0x0000000747200000, 0x0000000747300000, 0x0000000747300000|100%| S|CS|TAMS 0x0000000747200000, 0x0000000747200000| Complete 
| 115|0x0000000747300000, 0x0000000747400000, 0x0000000747400000|100%| S|CS|TAMS 0x0000000747300000, 0x0000000747300000| Complete 
| 116|0x0000000747400000, 0x0000000747500000, 0x0000000747500000|100%| S|CS|TAMS 0x0000000747400000, 0x0000000747400000| Complete 
| 117|0x0000000747500000, 0x0000000747600000, 0x0000000747600000|100%| S|CS|TAMS 0x0000000747500000, 0x0000000747500000| Complete 
| 118|0x0000000747600000, 0x0000000747700000, 0x0000000747700000|100%| E|CS|TAMS 0x0000000747600000, 0x0000000747600000| Complete 
| 119|0x0000000747700000, 0x0000000747800000, 0x0000000747800000|100%| E|CS|TAMS 0x0000000747700000, 0x0000000747700000| Complete 
| 120|0x0000000747800000, 0x0000000747900000, 0x0000000747900000|100%| E|CS|TAMS 0x0000000747800000, 0x0000000747800000| Complete 
| 121|0x0000000747900000, 0x0000000747a00000, 0x0000000747a00000|100%| E|CS|TAMS 0x0000000747900000, 0x0000000747900000| Complete 
| 122|0x0000000747a00000, 0x0000000747b00000, 0x0000000747b00000|100%| E|CS|TAMS 0x0000000747a00000, 0x0000000747a00000| Complete 
| 123|0x0000000747b00000, 0x0000000747c00000, 0x0000000747c00000|100%| E|CS|TAMS 0x0000000747b00000, 0x0000000747b00000| Complete 
| 124|0x0000000747c00000, 0x0000000747d00000, 0x0000000747d00000|100%| E|CS|TAMS 0x0000000747c00000, 0x0000000747c00000| Complete 
| 125|0x0000000747d00000, 0x0000000747e00000, 0x0000000747e00000|100%| E|CS|TAMS 0x0000000747d00000, 0x0000000747d00000| Complete 
| 126|0x0000000747e00000, 0x0000000747f00000, 0x0000000747f00000|100%| E|CS|TAMS 0x0000000747e00000, 0x0000000747e00000| Complete 
| 127|0x0000000747f00000, 0x0000000748000000, 0x0000000748000000|100%| E|  |TAMS 0x0000000747f00000, 0x0000000747f00000| Complete 

Card table byte_map: [0x0000000105300000,0x0000000105700000] _byte_map_base: 0x0000000101900000

Marking Bits (Prev, Next): (CMBitMap*) 0x000000013682ae50, (CMBitMap*) 0x000000013682ae18
 Prev Bits: [0x0000000132000000, 0x0000000134000000)
 Next Bits: [0x0000000130000000, 0x0000000132000000)

Polling page: 0x0000000104ad8000

Metaspace:

Usage:
  Non-class:     27.42 MB capacity,    26.74 MB ( 98%) used,   554.16 KB (  2%) free+waste,   144.19 KB ( <1%) overhead. 
      Class:      4.70 MB capacity,     4.11 MB ( 87%) used,   532.05 KB ( 11%) free+waste,    78.62 KB (  2%) overhead. 
       Both:     32.12 MB capacity,    30.85 MB ( 96%) used,     1.06 MB (  3%) free+waste,   222.81 KB ( <1%) overhead. 

Virtual space:
  Non-class space:       28.00 MB reserved,      27.67 MB ( 99%) committed 
      Class space:        1.00 GB reserved,       4.75 MB ( <1%) committed 
             Both:        1.03 GB reserved,      32.42 MB (  3%) committed 

Chunk freelists:
   Non-Class:  16.00 KB
       Class:  16.00 KB
        Both:  32.00 KB

MaxMetaspaceSize: unlimited
CompressedClassSpaceSize: 1.00 GB
Initial GC threshold: 20.80 MB
Current GC threshold: 35.08 MB
CDS: off

CodeHeap 'non-profiled nmethods': size=120032Kb used=1309Kb max_used=1309Kb free=118722Kb
 bounds [0x0000000116cfc000, 0x0000000116f6c000, 0x000000011e234000]
CodeHeap 'profiled nmethods': size=120016Kb used=6974Kb max_used=6974Kb free=113041Kb
 bounds [0x000000010f7c8000, 0x000000010fe98000, 0x0000000116cfc000]
CodeHeap 'non-nmethods': size=5712Kb used=1434Kb max_used=1496Kb free=4277Kb
 bounds [0x000000010f234000, 0x000000010f4a4000, 0x000000010f7c8000]
 total_blobs=3935 nmethods=3117 adapters=733
 compilation: enabled
              stopped_count=0, restarted_count=0
 full_count=0

Compilation events (20 events):
Event: 15.166 Thread 0x0000000137821000 3136       3       com.sun.prism.impl.ps.BaseShaderGraphics::renderGeneralRoundedRect (388 bytes)
Event: 15.167 Thread 0x0000000137821000 nmethod 3136 0x000000010fe94710 code [0x000000010fe94980, 0x000000010fe955f0]
Event: 15.167 Thread 0x0000000137821000 3135       1       com.sun.javafx.tk.quantum.SceneState::getScene (5 bytes)
Event: 15.167 Thread 0x0000000137821000 nmethod 3135 0x0000000116e3de10 code [0x0000000116e3dfc0, 0x0000000116e3e110]
Event: 16.142 Thread 0x0000000135016000 3137       4       java.util.WeakHashMap::size (18 bytes)
Event: 16.143 Thread 0x0000000135016000 nmethod 3137 0x0000000116e3e190 code [0x0000000116e3e340, 0x0000000116e3e410]
Event: 16.158 Thread 0x0000000137821000 3138       3       javafx.beans.property.BooleanPropertyBase::fireValueChangedEvent (8 bytes)
Event: 16.159 Thread 0x0000000137821000 nmethod 3138 0x000000010fe95890 code [0x000000010fe95a80, 0x000000010fe95d80]
Event: 16.159 Thread 0x0000000137821000 3139       1       javafx.scene.layout.Border::getStrokes (5 bytes)
Event: 16.161 Thread 0x0000000137821000 nmethod 3139 0x0000000116e3e490 code [0x0000000116e3e640, 0x0000000116e3e790]
Event: 16.659 Thread 0x0000000137821000 3141       3       com.sun.javafx.geom.transform.AffineBase::updateState2D (210 bytes)
Event: 16.659 Thread 0x0000000137821000 nmethod 3141 0x000000010fe95e90 code [0x000000010fe96080, 0x000000010fe966d0]
Event: 16.660 Thread 0x0000000135016000 3143 %     4       com.sun.marlin.Renderer::_endRendering @ 1910 (2473 bytes)
Event: 16.660 Thread 0x0000000137821000 3142       3       javafx.scene.paint.Color::acc_getPlatformPaint (23 bytes)
Event: 16.660 Thread 0x0000000137821000 nmethod 3142 0x000000010fe96790 code [0x000000010fe96980, 0x000000010fe96cf0]
Event: 16.660 Thread 0x0000000137821000 3144       3       com.sun.marlin.IntArrayCache$Reference::putArray (9 bytes)
Event: 16.660 Thread 0x0000000137821000 nmethod 3144 0x000000010fe96e10 code [0x000000010fe96fc0, 0x000000010fe971c0]
Event: 16.660 Thread 0x0000000137821000 3140       3       com.sun.javafx.sg.prism.NGRegion::computeRenderRoot (37 bytes)
Event: 16.660 Thread 0x0000000137821000 nmethod 3140 0x000000010fe97290 code [0x000000010fe97480, 0x000000010fe97730]
Event: 16.704 Thread 0x0000000135016000 nmethod 3143% 0x0000000116e3e810 code [0x0000000116e3ec40, 0x0000000116e40d80]

GC Heap History (4 events):
Event: 1.183 GC heap before
{Heap before GC invocations=0 (full 0):
 garbage-first heap   total 131072K, used 23552K [0x0000000740000000, 0x00000007c0000000)
  region size 1024K, 24 young (24576K), 0 survivors (0K)
 Metaspace       used 15121K, capacity 15417K, committed 15616K, reserved 1062912K
  class space    used 1540K, capacity 1701K, committed 1792K, reserved 1048576K
}
Event: 1.195 GC heap after
{Heap after GC invocations=1 (full 0):
 garbage-first heap   total 131072K, used 5189K [0x0000000740000000, 0x00000007c0000000)
  region size 1024K, 3 young (3072K), 3 survivors (3072K)
 Metaspace       used 15121K, capacity 15417K, committed 15616K, reserved 1062912K
  class space    used 1540K, capacity 1701K, committed 1792K, reserved 1048576K
}
Event: 1.491 GC heap before
{Heap before GC invocations=1 (full 0):
 garbage-first heap   total 131072K, used 14405K [0x0000000740000000, 0x00000007c0000000)
  region size 1024K, 13 young (13312K), 3 survivors (3072K)
 Metaspace       used 20570K, capacity 21103K, committed 21296K, reserved 1069056K
  class space    used 2314K, capacity 2590K, committed 2688K, reserved 1048576K
}
Event: 1.502 GC heap after
{Heap after GC invocations=2 (full 0):
 garbage-first heap   total 131072K, used 6525K [0x0000000740000000, 0x00000007c0000000)
  region size 1024K, 5 young (5120K), 5 survivors (5120K)
 Metaspace       used 20570K, capacity 21103K, committed 21296K, reserved 1069056K
  class space    used 2314K, capacity 2590K, committed 2688K, reserved 1048576K
}

Deoptimization events (20 events):
Event: 2.745 Thread 0x00000001368af800 Uncommon trap: trap_request=0xffffff4d fr.pc=0x0000000116dcedec relative=0x00000000000005ec
Event: 2.745 Thread 0x00000001368af800 Uncommon trap: reason=unstable_if action=reinterpret pc=0x0000000116dcedec method=java.util.Arrays.equals([Ljava/lang/Object;[Ljava/lang/Object;)Z @ 23 c2
Event: 2.745 Thread 0x00000001368af800 DEOPT PACKING pc=0x0000000116dcedec sp=0x000000016db24a20
Event: 2.745 Thread 0x00000001368af800 DEOPT UNPACKING pc=0x000000010f268d9c sp=0x000000016db248d0 mode 2
Event: 2.773 Thread 0x00000001368af800 Uncommon trap: trap_request=0xffffff4d fr.pc=0x0000000116d98d40 relative=0x0000000000000200
Event: 2.773 Thread 0x00000001368af800 Uncommon trap: reason=unstable_if action=reinterpret pc=0x0000000116d98d40 method=java.lang.invoke.LambdaForm$BasicType.basicType(C)Ljava/lang/invoke/LambdaForm$BasicType; @ 1 c2
Event: 2.773 Thread 0x00000001368af800 DEOPT PACKING pc=0x0000000116d98d40 sp=0x000000016db23bc0
Event: 2.773 Thread 0x00000001368af800 DEOPT UNPACKING pc=0x000000010f268d9c sp=0x000000016db23a90 mode 2
Event: 2.860 Thread 0x00000001368af800 Uncommon trap: trap_request=0xffffff4d fr.pc=0x0000000116d95960 relative=0x0000000000000260
Event: 2.860 Thread 0x00000001368af800 Uncommon trap: reason=unstable_if action=reinterpret pc=0x0000000116d95960 method=java.util.Arrays.equals([Ljava/lang/Object;[Ljava/lang/Object;)Z @ 23 c2
Event: 2.860 Thread 0x00000001368af800 DEOPT PACKING pc=0x0000000116d95960 sp=0x000000016db23bb0
Event: 2.860 Thread 0x00000001368af800 DEOPT UNPACKING pc=0x000000010f268d9c sp=0x000000016db23af0 mode 2
Event: 2.884 Thread 0x00000001368af800 DEOPT PACKING pc=0x000000010fd4278c sp=0x000000016db24210
Event: 2.884 Thread 0x00000001368af800 DEOPT UNPACKING pc=0x000000010f26927c sp=0x000000016db23ec0 mode 0
Event: 2.900 Thread 0x00000001368af800 DEOPT PACKING pc=0x000000010fd28034 sp=0x000000016db22db0
Event: 2.900 Thread 0x00000001368af800 DEOPT UNPACKING pc=0x000000010f26927c sp=0x000000016db22b00 mode 0
Event: 2.907 Thread 0x00000001368af800 DEOPT PACKING pc=0x000000010fd28034 sp=0x000000016db22d10
Event: 2.907 Thread 0x00000001368af800 DEOPT UNPACKING pc=0x000000010f26927c sp=0x000000016db22a60 mode 0
Event: 2.915 Thread 0x00000001368af800 DEOPT PACKING pc=0x000000010fd50308 sp=0x000000016db243e0
Event: 2.915 Thread 0x00000001368af800 DEOPT UNPACKING pc=0x000000010f26927c sp=0x000000016db24100 mode 0

Classes redefined (0 events):
No events

Internal exceptions (20 events):
Event: 1.433 Thread 0x00000001359cf000 Exception <a 'java/io/FileNotFoundException'{0x0000000747635198}> (0x0000000747635198) thrown at [src/hotspot/share/prims/jni.cpp, line 615]
Event: 1.463 Thread 0x00000001359cf000 Exception <a 'java/lang/NoSuchMethodError'{0x00000007476780a0}: 'java.lang.Object java.lang.invoke.DirectMethodHandle$Holder.invokeStaticInit(java.lang.Object, java.lang.Object, java.lang.Object, java.lang.Object)'> (0x00000007476780a0) thrown at [src/hotspot/share/interpreter/linkResolver.cpp, line 773]
Event: 1.463 Thread 0x00000001359cf000 Exception <a 'java/lang/NullPointerException'{0x0000000747680cf8}> (0x0000000747680cf8) thrown at [src/hotspot/share/interpreter/linkResolver.cpp, line 1358]
Event: 1.463 Thread 0x00000001359cf000 Exception <a 'java/lang/NullPointerException'{0x0000000747680cf8}> (0x0000000747680cf8) thrown at [src/hotspot/share/prims/jvm.cpp, line 1313]
Event: 1.546 Thread 0x00000001359cf000 Exception <a 'java/lang/NoSuchMethodError'{0x0000000747dd2c38}: 'void java.lang.invoke.DirectMethodHandle$Holder.invokeStaticInit(java.lang.Object, java.lang.Object)'> (0x0000000747dd2c38) thrown at [src/hotspot/share/interpreter/linkResolver.cpp, line 773]
Event: 1.619 Thread 0x00000001359cf000 Exception <a 'java/io/FileNotFoundException'{0x0000000747bfd3b8}> (0x0000000747bfd3b8) thrown at [src/hotspot/share/prims/jni.cpp, line 615]
Event: 1.639 Thread 0x00000001359cf000 Exception <a 'java/lang/NoSuchMethodError'{0x0000000747a59550}: 'void java.lang.invoke.DirectMethodHandle$Holder.invokeSpecial(java.lang.Object, java.lang.Object, java.lang.Object, java.lang.Object, java.lang.Object)'> (0x0000000747a59550) thrown at [src/hotspot/share/interpreter/linkResolver.cpp, line 773]
Event: 1.738 Thread 0x00000001359cf000 Exception <a 'java/io/FileNotFoundException'{0x000000074792d0e0}> (0x000000074792d0e0) thrown at [src/hotspot/share/prims/jni.cpp, line 615]
Event: 1.772 Thread 0x00000001359cf000 Exception <a 'java/io/FileNotFoundException'{0x000000074780a678}> (0x000000074780a678) thrown at [src/hotspot/share/prims/jni.cpp, line 615]
Event: 1.783 Thread 0x00000001359cf000 Exception <a 'java/lang/NoSuchMethodError'{0x0000000747841a18}: 'void java.lang.invoke.DirectMethodHandle$Holder.invokeSpecial(java.lang.Object, java.lang.Object, java.lang.Object, java.lang.Object)'> (0x0000000747841a18) thrown at [src/hotspot/share/interpreter/linkResolver.cpp, line 773]
Event: 1.808 Thread 0x00000001359cf000 Exception <a 'java/lang/NoSuchMethodError'{0x000000074773a098}: 'java.lang.Object java.lang.invoke.DirectMethodHandle$Holder.invokeInterface(java.lang.Object, java.lang.Object, java.lang.Object)'> (0x000000074773a098) thrown at [src/hotspot/share/interpreter/linkResolver.cpp, line 773]
Event: 1.808 Thread 0x00000001359cf000 Exception <a 'java/lang/IncompatibleClassChangeError'{0x000000074773d020}: Found class java.lang.Object, but interface was expected> (0x000000074773d020) thrown at [src/hotspot/share/interpreter/linkResolver.cpp, line 839]
Event: 1.986 Thread 0x00000001359cf000 Exception <a 'java/lang/NoSuchMethodError'{0x00000007476a80e8}: 'java.lang.Object java.lang.invoke.Invokers$Holder.linkToTargetMethod(java.lang.Object, int, java.lang.Object)'> (0x00000007476a80e8) thrown at [src/hotspot/share/interpreter/linkResolver.cpp, line 773]
Event: 2.387 Thread 0x00000001359cf000 Exception <a 'java/lang/ClassNotFoundException'{0x0000000746e3c3b0}: com/sun/javafx/scene/control/skin/resources/controls> (0x0000000746e3c3b0) thrown at [src/hotspot/share/prims/jni.cpp, line 636]
Event: 2.388 Thread 0x00000001359cf000 Exception <a 'java/lang/ClassNotFoundException'{0x0000000746e49ef0}: com/sun/javafx/scene/control/skin/resources/controls_en> (0x0000000746e49ef0) thrown at [src/hotspot/share/prims/jni.cpp, line 636]
Event: 2.388 Thread 0x00000001359cf000 Exception <a 'java/lang/ClassNotFoundException'{0x0000000746e4b168}: com/sun/javafx/scene/control/skin/resources/controls_en_SG> (0x0000000746e4b168) thrown at [src/hotspot/share/prims/jni.cpp, line 636]
Event: 2.645 Thread 0x00000001359cf000 Exception <a 'java/lang/NoSuchMethodError'{0x0000000746357e00}: 'long java.lang.invoke.DirectMethodHandle$Holder.invokeStaticInit(java.lang.Object, java.lang.Object, java.lang.Object)'> (0x0000000746357e00) thrown at [src/hotspot/share/interpreter/linkResolver.cpp, line 773]
Event: 2.646 Thread 0x00000001359cf000 Exception <a 'java/lang/NoSuchMethodError'{0x00000007463dc7c8}: 'java.lang.Object java.lang.invoke.DirectMethodHandle$Holder.invokeStatic(java.lang.Object, java.lang.Object, long)'> (0x00000007463dc7c8) thrown at [src/hotspot/share/interpreter/linkResolver.cpp, line 773]
Event: 2.646 Thread 0x00000001359cf000 Exception <a 'java/lang/NoSuchMethodError'{0x00000007463e2940}: 'java.lang.Object java.lang.invoke.Invokers$Holder.linkToTargetMethod(java.lang.Object, long, java.lang.Object)'> (0x00000007463e2940) thrown at [src/hotspot/share/interpreter/linkResolver.cpp, line 773]
Event: 2.844 Thread 0x00000001368af800 Exception <a 'java/lang/NoSuchMethodError'{0x00000007460dae68}: 'java.lang.Object java.lang.invoke.DirectMethodHandle$Holder.invokeStaticInit(java.lang.Object, int)'> (0x00000007460dae68) thrown at [src/hotspot/share/interpreter/linkResolver.cpp, line 773]

Events (20 events):
Event: 9.130 loading class java/util/stream/Node$OfLong done
Event: 9.130 loading class java/util/stream/Nodes$EmptyNode$OfLong done
Event: 9.130 loading class java/util/stream/Nodes$EmptyNode$OfDouble
Event: 9.130 loading class java/util/stream/Node$OfDouble
Event: 9.130 loading class java/util/stream/Node$OfDouble done
Event: 9.130 loading class java/util/stream/Nodes$EmptyNode$OfDouble done
Event: 9.131 loading class java/util/stream/Nodes$LongFixedNodeBuilder
Event: 9.131 loading class java/util/stream/Node$Builder$OfLong
Event: 9.131 loading class java/util/stream/Node$Builder
Event: 9.131 loading class java/util/stream/Node$Builder done
Event: 9.131 loading class java/util/stream/Sink$OfLong
Event: 9.131 loading class java/util/function/LongConsumer
Event: 9.131 loading class java/util/function/LongConsumer done
Event: 9.131 loading class java/util/stream/Sink$OfLong done
Event: 9.131 loading class java/util/stream/Node$Builder$OfLong done
Event: 9.131 loading class java/util/stream/Nodes$LongArrayNode
Event: 9.131 loading class java/util/stream/Nodes$LongArrayNode done
Event: 9.131 loading class java/util/stream/Nodes$LongFixedNodeBuilder done
Event: 9.131 loading class java/util/stream/ReferencePipeline$5$1
Event: 9.132 loading class java/util/stream/ReferencePipeline$5$1 done


Dynamic libraries:
0x0000000104a84000 	/Library/Java/JavaVirtualMachines/zulu-11.jdk/Contents/Home/lib/jli/libjli.dylib
0x00000001ae737000 	/System/Library/Frameworks/Cocoa.framework/Versions/A/Cocoa
0x000000019a941000 	/System/Library/Frameworks/AppKit.framework/Versions/C/AppKit
0x000000019de58000 	/System/Library/Frameworks/CoreData.framework/Versions/A/CoreData
0x0000000198c9c000 	/System/Library/Frameworks/Foundation.framework/Versions/C/Foundation
0x00000001a28b4000 	/usr/lib/libSystem.B.dylib
0x000000019b7fa000 	/System/Library/PrivateFrameworks/UIFoundation.framework/Versions/A/UIFoundation
0x00000001a8903000 	/System/Library/PrivateFrameworks/RemoteViewServices.framework/Versions/A/RemoteViewServices
0x00000001a0d74000 	/System/Library/PrivateFrameworks/XCTTargetBootstrap.framework/Versions/A/XCTTargetBootstrap
0x00000001a45f4000 	/System/Library/PrivateFrameworks/InternationalSupport.framework/Versions/A/InternationalSupport
0x00000001a467d000 	/System/Library/PrivateFrameworks/UserActivity.framework/Versions/A/UserActivity
0x00000001a3aeb000 	/usr/lib/libspindump.dylib
0x000000019ba6b000 	/System/Library/Frameworks/UniformTypeIdentifiers.framework/Versions/A/UniformTypeIdentifiers
0x000000019f2bc000 	/usr/lib/libapp_launch_measurement.dylib
0x000000019e7e4000 	/System/Library/PrivateFrameworks/CoreAnalytics.framework/Versions/A/CoreAnalytics
0x000000019f2bf000 	/System/Library/PrivateFrameworks/CoreAutoLayout.framework/Versions/A/CoreAutoLayout
0x00000001a0663000 	/System/Library/Frameworks/Metal.framework/Versions/A/Metal
0x00000001a13dc000 	/usr/lib/liblangid.dylib
0x00000001a0d79000 	/System/Library/PrivateFrameworks/CoreSVG.framework/Versions/A/CoreSVG
0x000000019cf02000 	/System/Library/PrivateFrameworks/SkyLight.framework/Versions/A/SkyLight
0x000000019d2de000 	/System/Library/Frameworks/CoreGraphics.framework/Versions/A/CoreGraphics
0x00000001a8fcf000 	/System/Library/Frameworks/Accelerate.framework/Versions/A/Accelerate
0x00000001a3562000 	/System/Library/PrivateFrameworks/IconServices.framework/Versions/A/IconServices
0x00000001a0645000 	/System/Library/Frameworks/IOSurface.framework/Versions/A/IOSurface
0x000000019e815000 	/usr/lib/libDiagnosticMessagesClient.dylib
0x00000001a27fd000 	/usr/lib/libz.1.dylib
0x00000001ac4d4000 	/System/Library/Frameworks/ApplicationServices.framework/Versions/A/ApplicationServices
0x00000001a0d5c000 	/System/Library/PrivateFrameworks/DFRFoundation.framework/Versions/A/DFRFoundation
0x000000019a1d1000 	/usr/lib/libicucore.A.dylib
0x00000001a54a2000 	/System/Library/Frameworks/AudioToolbox.framework/Versions/A/AudioToolbox
0x00000001a4600000 	/System/Library/PrivateFrameworks/DataDetectorsCore.framework/Versions/A/DataDetectorsCore
0x00000001bb020000 	/System/Library/PrivateFrameworks/TextInput.framework/Versions/A/TextInput
0x000000019ce77000 	/usr/lib/libMobileGestalt.dylib
0x00000001a0a28000 	/System/Library/Frameworks/Carbon.framework/Versions/A/Frameworks/HIToolbox.framework/Versions/A/HIToolbox
0x000000019ec95000 	/System/Library/Frameworks/QuartzCore.framework/Versions/A/QuartzCore
0x0000000199e52000 	/System/Library/Frameworks/Security.framework/Versions/A/Security
0x00000001a8943000 	/System/Library/Frameworks/Carbon.framework/Versions/A/Frameworks/SpeechRecognition.framework/Versions/A/SpeechRecognition
0x000000019f011000 	/System/Library/PrivateFrameworks/CoreUI.framework/Versions/A/CoreUI
0x000000019972e000 	/System/Library/Frameworks/CoreAudio.framework/Versions/A/CoreAudio
0x000000019e909000 	/System/Library/Frameworks/DiskArbitration.framework/Versions/A/DiskArbitration
0x00000001a3ef5000 	/System/Library/PrivateFrameworks/MultitouchSupport.framework/Versions/A/MultitouchSupport
0x000000019ce75000 	/usr/lib/libenergytrace.dylib
0x000000019a809000 	/System/Library/Frameworks/IOKit.framework/Versions/A/IOKit
0x00000001a8d32000 	/System/Library/Frameworks/CoreServices.framework/Versions/A/CoreServices
0x000000019f24c000 	/System/Library/PrivateFrameworks/PerformanceAnalysis.framework/Versions/A/PerformanceAnalysis
0x00000001f94c7000 	/System/Library/Frameworks/OpenGL.framework/Versions/A/OpenGL
0x00000001a1e4f000 	/System/Library/PrivateFrameworks/MobileKeyBag.framework/Versions/A/MobileKeyBag
0x0000000197bcf000 	/usr/lib/libobjc.A.dylib
0x000000019d8ec000 	/System/Library/Frameworks/ColorSync.framework/Versions/A/ColorSync
0x0000000197d98000 	/System/Library/Frameworks/CoreFoundation.framework/Versions/A/CoreFoundation
0x00000001a0ff8000 	/System/Library/Frameworks/CoreImage.framework/Versions/A/CoreImage
0x0000000199552000 	/System/Library/Frameworks/CoreText.framework/Versions/A/CoreText
0x00000001a0da9000 	/System/Library/Frameworks/ImageIO.framework/Versions/A/ImageIO
0x00000001a28ba000 	/System/Library/PrivateFrameworks/SoftLinking.framework/Versions/A/SoftLinking
0x000000019f30a000 	/usr/lib/libxml2.2.dylib
0x0000000197c92000 	/usr/lib/libc++.1.dylib
0x00000001a2b53000 	/usr/lib/libcompression.dylib
0x00000001a4550000 	/System/Library/PrivateFrameworks/TextureIO.framework/Versions/A/TextureIO
0x00000001a327b000 	/usr/lib/libate.dylib
0x00000001a28ae000 	/usr/lib/system/libcache.dylib
0x00000001a286c000 	/usr/lib/system/libcommonCrypto.dylib
0x00000001a2895000 	/usr/lib/system/libcompiler_rt.dylib
0x00000001a288c000 	/usr/lib/system/libcopyfile.dylib
0x0000000197ad3000 	/usr/lib/system/libcorecrypto.dylib
0x0000000197b88000 	/usr/lib/system/libdispatch.dylib
0x0000000197d56000 	/usr/lib/system/libdyld.dylib
0x00000001a28a4000 	/usr/lib/system/libkeymgr.dylib
0x00000001a2847000 	/usr/lib/system/libmacho.dylib
0x00000001a1f37000 	/usr/lib/system/libquarantine.dylib
0x00000001a28a1000 	/usr/lib/system/libremovefile.dylib
0x000000019cece000 	/usr/lib/system/libsystem_asl.dylib
0x0000000197a75000 	/usr/lib/system/libsystem_blocks.dylib
0x0000000197c10000 	/usr/lib/system/libsystem_c.dylib
0x00000001a2899000 	/usr/lib/system/libsystem_collections.dylib
0x00000001a13cc000 	/usr/lib/system/libsystem_configuration.dylib
0x00000001a0626000 	/usr/lib/system/libsystem_containermanager.dylib
0x00000001a25a4000 	/usr/lib/system/libsystem_coreservices.dylib
0x000000019a487000 	/usr/lib/system/libsystem_darwin.dylib
0x00000001a28a5000 	/usr/lib/system/libsystem_dnssd.dylib
0x0000000197c0d000 	/usr/lib/system/libsystem_featureflags.dylib
0x0000000197d6b000 	/usr/lib/system/libsystem_info.dylib
0x00000001a280f000 	/usr/lib/system/libsystem_m.dylib
0x0000000197b5d000 	/usr/lib/system/libsystem_malloc.dylib
0x000000019ce5c000 	/usr/lib/system/libsystem_networkextension.dylib
0x000000019a8e0000 	/usr/lib/system/libsystem_notify.dylib
0x00000001a8c09000 	/usr/lib/system/libsystem_product_info_filter.dylib
0x00000001a13d1000 	/usr/lib/system/libsystem_sandbox.dylib
0x00000001a289e000 	/usr/lib/system/libsystem_secinit.dylib
0x0000000197d11000 	/usr/lib/system/libsystem_kernel.dylib
0x0000000197d63000 	/usr/lib/system/libsystem_platform.dylib
0x0000000197d49000 	/usr/lib/system/libsystem_pthread.dylib
0x000000019e632000 	/usr/lib/system/libsystem_symptoms.dylib
0x0000000197ab9000 	/usr/lib/system/libsystem_trace.dylib
0x00000001a2879000 	/usr/lib/system/libunwind.dylib
0x0000000197a77000 	/usr/lib/system/libxpc.dylib
0x0000000197cf9000 	/usr/lib/libc++abi.dylib
0x00000001a2884000 	/usr/lib/liboah.dylib
0x00000001a3140000 	/usr/lib/liblzma.5.dylib
0x000000019898f000 	/System/Library/Frameworks/SystemConfiguration.framework/Versions/A/SystemConfiguration
0x00000001a28b6000 	/usr/lib/libfakelink.dylib
0x000000019c9a7000 	/System/Library/Frameworks/CFNetwork.framework/Versions/A/CFNetwork
0x00000001a29fc000 	/usr/lib/libarchive.2.dylib
0x00000001a13d8000 	/System/Library/PrivateFrameworks/AppleSystemInfo.framework/Versions/A/AppleSystemInfo
0x00000001a1f62000 	/usr/lib/libbsm.0.dylib
0x000000019bf14000 	/usr/lib/libnetwork.dylib
0x00000001a2850000 	/usr/lib/system/libkxld.dylib
0x00000001a1b7c000 	/System/Library/PrivateFrameworks/IOMobileFramebuffer.framework/Versions/A/IOMobileFramebuffer
0x00000002178b1000 	/usr/lib/libCoreEntitlements.dylib
0x00000001a2586000 	/System/Library/PrivateFrameworks/AppleFSCompression.framework/Versions/A/AppleFSCompression
0x00000001a1f4a000 	/usr/lib/libcoretls.dylib
0x00000001a3159000 	/usr/lib/libcoretls_cfhelpers.dylib
0x00000001a2b4e000 	/usr/lib/libpam.2.dylib
0x000000019e248000 	/usr/lib/libsqlite3.dylib
0x00000001a31c2000 	/usr/lib/libxar.1.dylib
0x00000001a2597000 	/usr/lib/libbz2.1.0.dylib
0x00000001a28bb000 	/usr/lib/libpcap.A.dylib
0x000000019e629000 	/usr/lib/libdns_services.dylib
0x00000001a2b21000 	/usr/lib/libapple_nghttp2.dylib
0x00000001a28f8000 	/usr/lib/libiconv.2.dylib
0x00000001a2846000 	/usr/lib/libcharset.1.dylib
0x000000019f288000 	/System/Library/Frameworks/CoreServices.framework/Versions/A/Frameworks/FSEvents.framework/Versions/A/FSEvents
0x000000019a492000 	/System/Library/Frameworks/CoreServices.framework/Versions/A/Frameworks/CarbonCore.framework/Versions/A/CarbonCore
0x000000019e869000 	/System/Library/Frameworks/CoreServices.framework/Versions/A/Frameworks/Metadata.framework/Versions/A/Metadata
0x00000001a25aa000 	/System/Library/Frameworks/CoreServices.framework/Versions/A/Frameworks/OSServices.framework/Versions/A/OSServices
0x00000001a2a82000 	/System/Library/Frameworks/CoreServices.framework/Versions/A/Frameworks/SearchKit.framework/Versions/A/SearchKit
0x000000019e5b7000 	/System/Library/Frameworks/CoreServices.framework/Versions/A/Frameworks/AE.framework/Versions/A/AE
0x00000001982df000 	/System/Library/Frameworks/CoreServices.framework/Versions/A/Frameworks/LaunchServices.framework/Versions/A/LaunchServices
0x00000001a30e9000 	/System/Library/Frameworks/CoreServices.framework/Versions/A/Frameworks/DictionaryServices.framework/Versions/A/DictionaryServices
0x000000019f295000 	/System/Library/Frameworks/CoreServices.framework/Versions/A/Frameworks/SharedFileList.framework/Versions/A/SharedFileList
0x00000001a1f3a000 	/usr/lib/libCheckFix.dylib
0x000000019cee6000 	/System/Library/PrivateFrameworks/TCC.framework/Versions/A/TCC
0x00000001a13de000 	/System/Library/PrivateFrameworks/CoreNLP.framework/Versions/A/CoreNLP
0x000000019e818000 	/System/Library/PrivateFrameworks/MetadataUtilities.framework/Versions/A/MetadataUtilities
0x0000000198a49000 	/usr/lib/libmecabra.dylib
0x00000001a1f73000 	/usr/lib/libmecab.dylib
0x0000000198a15000 	/usr/lib/libCRFSuite.dylib
0x00000001a1fd0000 	/usr/lib/libgermantok.dylib
0x00000001a2afa000 	/usr/lib/libThaiTokenizer.dylib
0x000000019e911000 	/System/Library/Frameworks/Accelerate.framework/Versions/A/Frameworks/vImage.framework/Versions/A/vImage
0x00000001a8d09000 	/System/Library/Frameworks/Accelerate.framework/Versions/A/Frameworks/vecLib.framework/Versions/A/vecLib
0x00000001a3207000 	/System/Library/Frameworks/Accelerate.framework/Versions/A/Frameworks/vecLib.framework/Versions/A/libvMisc.dylib
0x00000001a1a83000 	/System/Library/Frameworks/Accelerate.framework/Versions/A/Frameworks/vecLib.framework/Versions/A/libvDSP.dylib
0x000000019866a000 	/System/Library/Frameworks/Accelerate.framework/Versions/A/Frameworks/vecLib.framework/Versions/A/libBLAS.dylib
0x00000001a2c24000 	/System/Library/Frameworks/Accelerate.framework/Versions/A/Frameworks/vecLib.framework/Versions/A/libLAPACK.dylib
0x00000001a1fd3000 	/System/Library/Frameworks/Accelerate.framework/Versions/A/Frameworks/vecLib.framework/Versions/A/libLinearAlgebra.dylib
0x00000001a2b39000 	/System/Library/Frameworks/Accelerate.framework/Versions/A/Frameworks/vecLib.framework/Versions/A/libSparseBLAS.dylib
0x00000001a2c1f000 	/System/Library/Frameworks/Accelerate.framework/Versions/A/Frameworks/vecLib.framework/Versions/A/libQuadrature.dylib
0x00000001a14d7000 	/System/Library/Frameworks/Accelerate.framework/Versions/A/Frameworks/vecLib.framework/Versions/A/libBNNS.dylib
0x0000000198928000 	/System/Library/Frameworks/Accelerate.framework/Versions/A/Frameworks/vecLib.framework/Versions/A/libSparse.dylib
0x00000001a14cf000 	/System/Library/PrivateFrameworks/LinguisticData.framework/Versions/A/LinguisticData
0x00000001988e0000 	/System/Library/PrivateFrameworks/Lexicon.framework/Versions/A/Lexicon
0x00000001a31ff000 	/usr/lib/libChineseTokenizer.dylib
0x000000019908e000 	/System/Library/PrivateFrameworks/LanguageModeling.framework/Versions/A/LanguageModeling
0x00000001a2afc000 	/System/Library/PrivateFrameworks/AppleSauce.framework/Versions/A/AppleSauce
0x00000001a1b69000 	/System/Library/PrivateFrameworks/CoreEmoji.framework/Versions/A/CoreEmoji
0x00000001a29ea000 	/usr/lib/libcmph.dylib
0x000000019f268000 	/System/Library/Frameworks/OpenDirectory.framework/Versions/A/Frameworks/CFOpenDirectory.framework/Versions/A/CFOpenDirectory
0x000000019f258000 	/System/Library/Frameworks/OpenDirectory.framework/Versions/A/OpenDirectory
0x00000001a315b000 	/System/Library/PrivateFrameworks/APFS.framework/Versions/A/APFS
0x00000001a1e8a000 	/System/Library/Frameworks/SecurityFoundation.framework/Versions/A/SecurityFoundation
0x00000001a31d1000 	/usr/lib/libutil.dylib
0x000000019a7cb000 	/System/Library/PrivateFrameworks/CoreServicesStore.framework/Versions/A/CoreServicesStore
0x00000001a31d5000 	/usr/lib/libxslt.1.dylib
0x00000001a1f1e000 	/System/Library/PrivateFrameworks/BackgroundTaskManagement.framework/Versions/A/BackgroundTaskManagement
0x00000001a4471000 	/System/Library/Frameworks/ImageIO.framework/Versions/A/Resources/libRadiance.dylib
0x00000001a447a000 	/System/Library/Frameworks/ImageIO.framework/Versions/A/Resources/libJPEG.dylib
0x00000001a43cd000 	/System/Library/Frameworks/ImageIO.framework/Versions/A/Resources/libPng.dylib
0x00000001a43ef000 	/System/Library/Frameworks/ImageIO.framework/Versions/A/Resources/libTIFF.dylib
0x00000001a44d5000 	/System/Library/Frameworks/ImageIO.framework/Versions/A/Resources/libGIF.dylib
0x00000001a3e05000 	/System/Library/Frameworks/ImageIO.framework/Versions/A/Resources/libJP2.dylib
0x00000001a3527000 	/usr/lib/libexpat.1.dylib
0x00000001a3dc0000 	/System/Library/PrivateFrameworks/AppleJPEG.framework/Versions/A/AppleJPEG
0x00000001a08e4000 	/System/Library/PrivateFrameworks/FontServices.framework/libFontParser.dylib
0x000000019e55c000 	/System/Library/PrivateFrameworks/RunningBoardServices.framework/Versions/A/RunningBoardServices
0x00000001aee0e000 	/System/Library/PrivateFrameworks/IOSurfaceAccelerator.framework/Versions/A/IOSurfaceAccelerator
0x00000001a3ef1000 	/System/Library/PrivateFrameworks/WatchdogClient.framework/Versions/A/WatchdogClient
0x000000019918e000 	/System/Library/Frameworks/CoreDisplay.framework/Versions/A/CoreDisplay
0x00000001a07ce000 	/System/Library/Frameworks/CoreMedia.framework/Versions/A/CoreMedia
0x00000001a0659000 	/System/Library/PrivateFrameworks/IOAccelerator.framework/Versions/A/IOAccelerator
0x000000019f3f8000 	/System/Library/Frameworks/CoreVideo.framework/Versions/A/CoreVideo
0x00000001a2b4c000 	/System/Library/Frameworks/MetalPerformanceShaders.framework/Versions/A/MetalPerformanceShaders
0x00000001a3f30000 	/System/Library/Frameworks/VideoToolbox.framework/Versions/A/VideoToolbox
0x000000019e4a0000 	/System/Library/PrivateFrameworks/BaseBoard.framework/Versions/A/BaseBoard
0x000000019e22e000 	/System/Library/PrivateFrameworks/ProtocolBuffer.framework/Versions/A/ProtocolBuffer
0x00000001a446c000 	/System/Library/PrivateFrameworks/GPUWrangler.framework/Versions/A/GPUWrangler
0x00000001a444c000 	/System/Library/PrivateFrameworks/IOPresentment.framework/Versions/A/IOPresentment
0x00000001a4474000 	/System/Library/PrivateFrameworks/DSExternalDisplay.framework/Versions/A/DSExternalDisplay
0x00000001f94ba000 	/System/Library/Frameworks/OpenGL.framework/Versions/A/Libraries/libCoreFSCache.dylib
0x0000000204384000 	/System/Library/PrivateFrameworks/GPUCompiler.framework/Versions/31001/Libraries/libGPUCompilerUtils.dylib
0x00000001a44da000 	/System/Library/PrivateFrameworks/CMCaptureCore.framework/Versions/A/CMCaptureCore
0x00000001a3ad8000 	/System/Library/PrivateFrameworks/AppServerSupport.framework/Versions/A/AppServerSupport
0x00000001a5d60000 	/System/Library/PrivateFrameworks/perfdata.framework/Versions/A/perfdata
0x00000001992ae000 	/System/Library/PrivateFrameworks/AudioToolboxCore.framework/Versions/A/AudioToolboxCore
0x00000001a07a7000 	/System/Library/PrivateFrameworks/caulk.framework/Versions/A/caulk
0x00000001a5655000 	/usr/lib/libAudioStatistics.dylib
0x00000001b7673000 	/System/Library/PrivateFrameworks/SystemPolicy.framework/Versions/A/SystemPolicy
0x00000001a58c1000 	/usr/lib/libSMC.dylib
0x00000001ae615000 	/System/Library/Frameworks/CoreMIDI.framework/Versions/A/CoreMIDI
0x00000001a439b000 	/usr/lib/libAudioToolboxUtility.dylib
0x00000001b37d6000 	/System/Library/PrivateFrameworks/OSAServicesClient.framework/Versions/A/OSAServicesClient
0x00000001a5d6d000 	/usr/lib/libperfcheck.dylib
0x00000001b8192000 	/usr/lib/libmis.dylib
0x00000001f951c000 	/System/Library/Frameworks/OpenGL.framework/Versions/A/Libraries/libGLU.dylib
0x00000001f94db000 	/System/Library/Frameworks/OpenGL.framework/Versions/A/Libraries/libGFXShared.dylib
0x00000001f96c8000 	/System/Library/Frameworks/OpenGL.framework/Versions/A/Libraries/libGL.dylib
0x00000001f94e4000 	/System/Library/Frameworks/OpenGL.framework/Versions/A/Libraries/libGLImage.dylib
0x00000001f94d8000 	/System/Library/Frameworks/OpenGL.framework/Versions/A/Libraries/libCVMSPluginSupport.dylib
0x00000001f94c1000 	/System/Library/Frameworks/OpenGL.framework/Versions/A/Libraries/libCoreVMClient.dylib
0x00000001a1358000 	/System/Library/Frameworks/MetalPerformanceShaders.framework/Versions/A/Frameworks/MPSCore.framework/Versions/A/MPSCore
0x00000001a24f9000 	/System/Library/Frameworks/MetalPerformanceShaders.framework/Versions/A/Frameworks/MPSImage.framework/Versions/A/MPSImage
0x00000001a1fe8000 	/System/Library/Frameworks/MetalPerformanceShaders.framework/Versions/A/Frameworks/MPSNeuralNetwork.framework/Versions/A/MPSNeuralNetwork
0x00000001a2421000 	/System/Library/Frameworks/MetalPerformanceShaders.framework/Versions/A/Frameworks/MPSMatrix.framework/Versions/A/MPSMatrix
0x00000001a21fa000 	/System/Library/Frameworks/MetalPerformanceShaders.framework/Versions/A/Frameworks/MPSRayIntersector.framework/Versions/A/MPSRayIntersector
0x00000001a2452000 	/System/Library/Frameworks/MetalPerformanceShaders.framework/Versions/A/Frameworks/MPSNDArray.framework/Versions/A/MPSNDArray
0x00000001fbfc3000 	/System/Library/Frameworks/MetalPerformanceShaders.framework/Versions/A/Frameworks/MPSFunctions.framework/Versions/A/MPSFunctions
0x0000000198540000 	/System/Library/PrivateFrameworks/MetalTools.framework/Versions/A/MetalTools
0x00000001a13d6000 	/System/Library/PrivateFrameworks/AggregateDictionary.framework/Versions/A/AggregateDictionary
0x00000001a330c000 	/usr/lib/libIOReport.dylib
0x00000001ad62e000 	/System/Library/PrivateFrameworks/ASEProcessing.framework/Versions/A/ASEProcessing
0x00000001a3681000 	/System/Library/PrivateFrameworks/FaceCore.framework/Versions/A/FaceCore
0x00000001a3673000 	/System/Library/PrivateFrameworks/GraphVisualizer.framework/Versions/A/GraphVisualizer
0x000000020429b000 	/System/Library/PrivateFrameworks/FontServices.framework/Versions/A/FontServices
0x00000001a3a94000 	/System/Library/PrivateFrameworks/OTSVG.framework/Versions/A/OTSVG
0x000000019efc1000 	/System/Library/Frameworks/ApplicationServices.framework/Versions/A/Frameworks/ATS.framework/Versions/A/Resources/libFontRegistry.dylib
0x00000001a3ae1000 	/System/Library/PrivateFrameworks/FontServices.framework/libhvf.dylib
0x000000020429c000 	/System/Library/PrivateFrameworks/FontServices.framework/libXTFontStaticRegistryData.dylib
0x00000001f9869000 	/System/Library/Frameworks/OpenCL.framework/Versions/A/OpenCL
0x00000001a34db000 	/System/Library/PrivateFrameworks/AppleVA.framework/Versions/A/AppleVA
0x00000001a567d000 	/System/Library/Frameworks/ApplicationServices.framework/Versions/A/Frameworks/ATS.framework/Versions/A/ATS
0x000000019d9eb000 	/System/Library/Frameworks/ApplicationServices.framework/Versions/A/Frameworks/HIServices.framework/Versions/A/HIServices
0x00000001a44e4000 	/System/Library/Frameworks/ApplicationServices.framework/Versions/A/Frameworks/PrintCore.framework/Versions/A/PrintCore
0x00000001a5a14000 	/System/Library/Frameworks/ApplicationServices.framework/Versions/A/Frameworks/QD.framework/Versions/A/QD
0x00000001a5a0c000 	/System/Library/Frameworks/ApplicationServices.framework/Versions/A/Frameworks/ColorSyncLegacy.framework/Versions/A/ColorSyncLegacy
0x00000001a5669000 	/System/Library/Frameworks/ApplicationServices.framework/Versions/A/Frameworks/SpeechSynthesis.framework/Versions/A/SpeechSynthesis
0x00000001a44a5000 	/System/Library/Frameworks/ApplicationServices.framework/Versions/A/Frameworks/ATSUI.framework/Versions/A/ATSUI
0x00000001a59a1000 	/usr/lib/libcups.2.dylib
0x00000001a5d7b000 	/System/Library/Frameworks/Kerberos.framework/Versions/A/Kerberos
0x00000001a5d8c000 	/System/Library/Frameworks/GSS.framework/Versions/A/GSS
0x00000001a56ed000 	/usr/lib/libresolv.9.dylib
0x00000001a3af0000 	/System/Library/PrivateFrameworks/Heimdal.framework/Versions/A/Heimdal
0x00000001ac864000 	/System/Library/Frameworks/Kerberos.framework/Versions/A/Libraries/libHeimdalProxy.dylib
0x000000019e63b000 	/System/Library/Frameworks/Network.framework/Versions/A/Network
0x00000001a3542000 	/usr/lib/libheimdal-asn1.dylib
0x00000001a5ddc000 	/System/Library/PrivateFrameworks/CommonAuth.framework/Versions/A/CommonAuth
0x00000001a55e3000 	/System/Library/PrivateFrameworks/AudioSession.framework/Versions/A/AudioSession
0x00000001a35d4000 	/System/Library/PrivateFrameworks/MediaExperience.framework/Versions/A/MediaExperience
0x00000001a5468000 	/System/Library/PrivateFrameworks/AudioSession.framework/libSessionUtility.dylib
0x00000001a5a20000 	/System/Library/PrivateFrameworks/AudioResourceArbitration.framework/Versions/A/AudioResourceArbitration
0x00000001a9be6000 	/System/Library/PrivateFrameworks/PowerLog.framework/Versions/A/PowerLog
0x00000001a354c000 	/System/Library/PrivateFrameworks/IconFoundation.framework/Versions/A/IconFoundation
0x00000001a892f000 	/System/Library/PrivateFrameworks/SpeechRecognitionCore.framework/Versions/A/SpeechRecognitionCore
0x0000000105944000 	/Library/Java/JavaVirtualMachines/zulu-11.jdk/Contents/Home/lib/server/libjvm.dylib
0x0000000104aec000 	/Library/Java/JavaVirtualMachines/zulu-11.jdk/Contents/Home/lib/libverify.dylib
0x0000000104b38000 	/Library/Java/JavaVirtualMachines/zulu-11.jdk/Contents/Home/lib/libjava.dylib
0x0000000104b04000 	/Library/Java/JavaVirtualMachines/zulu-11.jdk/Contents/Home/lib/libjimage.dylib
0x0000000104bac000 	/Library/Java/JavaVirtualMachines/zulu-11.jdk/Contents/Home/lib/libzip.dylib
0x0000000104c4c000 	/Library/Java/JavaVirtualMachines/zulu-11.jdk/Contents/Home/lib/libnio.dylib
0x000000011ee34000 	/Library/Java/JavaVirtualMachines/zulu-11.jdk/Contents/Home/lib/libnet.dylib
0x0000000105900000 	/Library/Java/JavaVirtualMachines/zulu-11.jdk/Contents/Home/lib/libprism_es2.dylib
0x000000019a78e000 	/System/Library/PrivateFrameworks/CoreServicesInternal.framework/Versions/A/CoreServicesInternal
0x00000001f96d2000 	/System/Library/Frameworks/OpenGL.framework/Versions/A/Resources/GLEngine.bundle/GLEngine
0x00000001f955a000 	/System/Library/Frameworks/OpenGL.framework/Versions/A/Libraries/libGLProgrammability.dylib
0x0000000134ac0000 	/System/Library/Extensions/AppleMetalOpenGLRenderer.bundle/Contents/MacOS/AppleMetalOpenGLRenderer
0x00000001f9841000 	/System/Library/Frameworks/OpenGL.framework/Versions/A/Resources/GLRendererFloat.bundle/GLRendererFloat
0x00000001f9941000 	/System/Library/Extensions/AGXMetal13_3.bundle/Contents/MacOS/AGXMetal13_3
0x00000001b81ae000 	/System/Library/PrivateFrameworks/GPURawCounter.framework/Versions/A/GPURawCounter
0x00000001b293f000 	/System/Library/PrivateFrameworks/IOGPU.framework/Versions/A/IOGPU
0x0000000134cd8000 	/Library/Java/JavaVirtualMachines/zulu-11.jdk/Contents/Home/lib/libglass.dylib
0x00000001a9e3e000 	/System/Library/Frameworks/FileProvider.framework/Versions/A/FileProvider
0x000000019e408000 	/System/Library/Frameworks/Accounts.framework/Versions/A/Accounts
0x00000001a9fc2000 	/System/Library/PrivateFrameworks/GenerationalStorage.framework/Versions/A/GenerationalStorage
0x00000001aab85000 	/System/Library/PrivateFrameworks/CoreSymbolication.framework/Versions/A/CoreSymbolication
0x00000001a9bda000 	/System/Library/PrivateFrameworks/SymptomDiagnosticReporter.framework/Versions/A/SymptomDiagnosticReporter
0x000000019ba7f000 	/System/Library/PrivateFrameworks/DesktopServicesPriv.framework/Versions/A/DesktopServicesPriv
0x000000019a8f0000 	/usr/lib/libsandbox.1.dylib
0x000000019f486000 	/System/Library/PrivateFrameworks/UserManagement.framework/Versions/A/UserManagement
0x00000001aab42000 	/System/Library/PrivateFrameworks/DebugSymbols.framework/Versions/A/DebugSymbols
0x00000001a59ff000 	/System/Library/PrivateFrameworks/NetAuth.framework/Versions/A/NetAuth
0x00000001a6920000 	/System/Library/PrivateFrameworks/Sharing.framework/Versions/A/Sharing
0x000000019f456000 	/System/Library/PrivateFrameworks/login.framework/Versions/A/Frameworks/loginsupport.framework/Versions/A/loginsupport
0x00000001abd79000 	/System/Library/PrivateFrameworks/Apple80211.framework/Versions/A/Apple80211
0x00000001a25dd000 	/System/Library/PrivateFrameworks/AuthKit.framework/Versions/A/AuthKit
0x00000001a1c65000 	/System/Library/PrivateFrameworks/CoreUtils.framework/Versions/A/CoreUtils
0x00000001a1b88000 	/System/Library/Frameworks/CoreWLAN.framework/Versions/A/CoreWLAN
0x00000001a6a90000 	/System/Library/Frameworks/IOBluetooth.framework/Versions/A/IOBluetooth
0x00000001abdd9000 	/System/Library/PrivateFrameworks/CoreWiFi.framework/Versions/A/CoreWiFi
0x00000001aa722000 	/System/Library/PrivateFrameworks/FrontBoardServices.framework/Versions/A/FrontBoardServices
0x00000001aa7ba000 	/System/Library/PrivateFrameworks/BoardServices.framework/Versions/A/BoardServices
0x00000001a1e78000 	/System/Library/PrivateFrameworks/AssertionServices.framework/Versions/A/AssertionServices
0x00000001abf56000 	/System/Library/PrivateFrameworks/BackBoardServices.framework/Versions/A/BackBoardServices
0x00000001a5e73000 	/System/Library/PrivateFrameworks/CorePhoneNumbers.framework/Versions/A/CorePhoneNumbers
0x00000001a571a000 	/System/Library/PrivateFrameworks/MultiverseSupport.framework/Versions/A/MultiverseSupport
0x00000001ac1d7000 	/System/Library/PrivateFrameworks/RemoteServiceDiscovery.framework/Versions/A/RemoteServiceDiscovery
0x00000001a9d0a000 	/System/Library/PrivateFrameworks/DiskManagement.framework/Versions/A/DiskManagement
0x00000001a9c0d000 	/System/Library/PrivateFrameworks/AppleIDAuthSupport.framework/Versions/A/AppleIDAuthSupport
0x00000001fe800000 	/System/Library/PrivateFrameworks/AAAFoundation.framework/Versions/A/AAAFoundation
0x00000001a5e52000 	/System/Library/PrivateFrameworks/KeychainCircle.framework/Versions/A/KeychainCircle
0x00000001ac1e7000 	/System/Library/PrivateFrameworks/RemoteXPC.framework/Versions/A/RemoteXPC
0x00000001a9cd6000 	/System/Library/PrivateFrameworks/MediaKit.framework/Versions/A/MediaKit
0x00000001a9c1a000 	/System/Library/Frameworks/DiscRecording.framework/Versions/A/DiscRecording
0x00000001a3457000 	/usr/lib/libCoreStorage.dylib
0x00000001ac253000 	/usr/lib/libcsfde.dylib
0x00000001a6b65000 	/System/Library/PrivateFrameworks/ProtectedCloudStorage.framework/Versions/A/ProtectedCloudStorage
0x00000001ac24b000 	/System/Library/PrivateFrameworks/EFILogin.framework/Versions/A/EFILogin
0x00000001a9fe9000 	/System/Library/PrivateFrameworks/OctagonTrust.framework/Versions/A/OctagonTrust
0x0000000203422000 	/System/Library/PrivateFrameworks/CoreUtilsExtras.framework/Versions/A/CoreUtilsExtras
0x00000001a9b3f000 	/System/Library/Frameworks/CoreBluetooth.framework/Versions/A/CoreBluetooth
0x00000001ac8e9000 	/System/Library/Frameworks/AudioUnit.framework/Versions/A/AudioUnit
0x00000001a344f000 	/usr/lib/libMatch.1.dylib
0x00000001bc696000 	/System/Library/Frameworks/Accelerate.framework/Versions/A/Frameworks/vImage.framework/Versions/A/Libraries/libCGInterfaces.dylib
0x0000000143f30000 	/usr/lib/libobjc-trampolines.dylib
0x000000019f150000 	/System/Library/PrivateFrameworks/ViewBridge.framework/Versions/A/ViewBridge
0x00000001479d0000 	/Library/Java/JavaVirtualMachines/zulu-11.jdk/Contents/Home/lib/libjavafx_font.dylib
0x00000001a3bb3000 	/System/Library/PrivateFrameworks/login.framework/Versions/A/login
0x00000001479b8000 	/System/Library/Frameworks/FileProvider.framework/OverrideBundles/CloudDocsFileProvider.bundle/Contents/MacOS/CloudDocsFileProvider
0x000000019f6ac000 	/System/Library/PrivateFrameworks/CloudDocs.framework/Versions/A/CloudDocs
0x00000001ac592000 	/System/Library/PrivateFrameworks/AppleAccount.framework/Versions/A/AppleAccount
0x00000001a6b4c000 	/System/Library/PrivateFrameworks/AppContainer.framework/Versions/A/AppContainer
0x00000001a65f8000 	/System/Library/PrivateFrameworks/IDS.framework/Versions/A/IDS
0x00000001ac6dd000 	/System/Library/PrivateFrameworks/AppleIDSSOAuthentication.framework/Versions/A/AppleIDSSOAuthentication
0x000000019f459000 	/System/Library/PrivateFrameworks/ApplePushService.framework/Versions/A/ApplePushService
0x00000001ac2d1000 	/System/Library/PrivateFrameworks/AppSupport.framework/Versions/A/AppSupport
0x00000001a53c7000 	/System/Library/PrivateFrameworks/IMFoundation.framework/Versions/A/IMFoundation
0x00000001b2fe6000 	/System/Library/PrivateFrameworks/Marco.framework/Versions/A/Marco
0x00000001a6772000 	/System/Library/PrivateFrameworks/IDSFoundation.framework/Versions/A/IDSFoundation
0x000000019e486000 	/System/Library/PrivateFrameworks/CommonUtilities.framework/Versions/A/CommonUtilities
0x00000001b7d7a000 	/System/Library/PrivateFrameworks/FTServices.framework/Versions/A/FTServices
0x00000001b0205000 	/System/Library/PrivateFrameworks/Engram.framework/Versions/A/Engram
0x00000001b01a7000 	/usr/lib/libtidy.A.dylib
0x00000001a3d6d000 	/System/Library/PrivateFrameworks/Bom.framework/Versions/A/Bom
0x00000001a572a000 	/usr/lib/libParallelCompression.dylib
0x00000001a3315000 	/System/Library/PrivateFrameworks/CrashReporterSupport.framework/Versions/A/CrashReporterSupport
0x00000001c2075000 	/System/Library/PrivateFrameworks/FTAWD.framework/Versions/A/FTAWD
0x00000001c414d000 	/System/Library/PrivateFrameworks/OSAnalytics.framework/Versions/A/OSAnalytics
0x00000001cf4ba000 	/System/Library/PrivateFrameworks/Symbolication.framework/Versions/A/Symbolication
0x00000001b816f000 	/System/Library/PrivateFrameworks/MallocStackLogging.framework/Versions/A/MallocStackLogging
0x00000001a904d000 	/System/Library/PrivateFrameworks/CoreDaemon.framework/Versions/B/CoreDaemon
0x00000001a9047000 	/System/Library/PrivateFrameworks/AppleSRP.framework/Versions/A/AppleSRP
0x00000001a1f29000 	/System/Library/Frameworks/ServiceManagement.framework/Versions/A/ServiceManagement
0x00000001a6b61000 	/System/Library/PrivateFrameworks/SecCodeWrapper.framework/Versions/A/SecCodeWrapper
0x0000000160974000 	/System/Library/Frameworks/FileProvider.framework/OverrideBundles/FileProviderOverride.bundle/Contents/MacOS/FileProviderOverride
0x000000016098c000 	/System/Library/Frameworks/FileProvider.framework/OverrideBundles/FinderSyncCollaborationFileProviderOverride.bundle/Contents/MacOS/FinderSyncCollaborationFileProviderOverride
0x00000001c8940000 	/System/Library/PrivateFrameworks/FinderSyncPriv.framework/Versions/A/FinderSyncPriv
0x000000019f4ae000 	/System/Library/Frameworks/CloudKit.framework/Versions/A/CloudKit
0x00000001ac9a3000 	/System/Library/PrivateFrameworks/C2.framework/Versions/A/C2
0x00000001a057f000 	/System/Library/Frameworks/CoreLocation.framework/Versions/A/CoreLocation
0x0000000200792000 	/System/Library/PrivateFrameworks/CloudKitDistributedSync.framework/Versions/A/CloudKitDistributedSync
0x00000001ac99a000 	/System/Library/Frameworks/PushKit.framework/Versions/A/PushKit
0x00000001aac64000 	/System/Library/PrivateFrameworks/CoreTime.framework/Versions/A/CoreTime
0x00000001ae3a4000 	/System/Library/PrivateFrameworks/RTCReporting.framework/Versions/A/RTCReporting
0x00000001a6e90000 	/System/Library/PrivateFrameworks/GeoServices.framework/Versions/A/GeoServices
0x00000001a543f000 	/System/Library/PrivateFrameworks/LocationSupport.framework/Versions/A/LocationSupport
0x0000000204aca000 	/System/Library/PrivateFrameworks/GeoServicesCore.framework/Versions/A/GeoServicesCore
0x00000001b381a000 	/System/Library/PrivateFrameworks/PhoneNumbers.framework/Versions/A/PhoneNumbers
0x00000001b5e61000 	/usr/lib/libFosl_dynamic.dylib
0x00000001bbf42000 	/usr/lib/libncurses.5.4.dylib
0x0000000217a0e000 	/usr/lib/libRosetta.dylib
0x00000001feeb4000 	/System/Library/PrivateFrameworks/AccessibilityBundles.framework/Versions/A/AccessibilityBundles


VM Arguments:
jvm_args: -Dfile.encoding=UTF-8 -Duser.country=SG -Duser.language=en -Duser.variant 
java_command: seedu.address.Main
java_class_path (initial): /Users/evande/Desktop/CS2103/tp/build/classes/java/main:/Users/evande/Desktop/CS2103/tp/build/resources/main:/Users/evande/.gradle/caches/modules-2/files-2.1/org.openjfx/javafx-fxml/11/d5ff9262ef49d166db658d15f37e3ecff38fde4b/javafx-fxml-11-win.jar:/Users/evande/.gradle/caches/modules-2/files-2.1/org.openjfx/javafx-fxml/11/e0f5bb81e21054b59f2ebfa727d40a90ee0260d3/javafx-fxml-11-mac.jar:/Users/evande/.gradle/caches/modules-2/files-2.1/org.openjfx/javafx-fxml/11/e7a757b580fc3e2e1a121768606c7836eef418c/javafx-fxml-11-linux.jar:/Users/evande/.gradle/caches/modules-2/files-2.1/org.openjfx/javafx-controls/11/af8d24de44e16a19ae959028eb23a48c145fb682/javafx-controls-11-win.jar:/Users/evande/.gradle/caches/modules-2/files-2.1/org.openjfx/javafx-controls/11/e3a24a14e8732abc6dc173f15872dc63e2a32e16/javafx-controls-11-mac.jar:/Users/evande/.gradle/caches/modules-2/files-2.1/org.openjfx/javafx-controls/11/794488e3b1f4635d9a1b842bdc872a5eb8fd54ca/javafx-controls-11-linux.jar:/Users/evande/.gradle/caches/modules-2/files-2.1/org.openjfx/javafx-controls/11/58d961774262ec972bf304e16c154a8e18c2050b/javafx-controls-11.jar:/Users/evande/.gradle/caches/modules-2/files-2.1/org.openjfx/javafx-graphics/11/9345c7ea43dbcc73a62eca5332717b4ce617e6c6/javafx-graphics-11-win.jar:/Users/evande/.gradle/caches/modules-2/files-2.1/org.openjfx/javafx-graphics/11/af47a6d3668d3ce1c61e1fe13c44471b6f8d469/javafx-graphics-11-mac.jar:/Users/evande/.gradle/caches/modules-2/files-2.1/org.openjfx/javafx-graphics/11/4ab9edd8d481a420044c473fdb5718ccdd35c836/javafx-graphics-11-linux.jar:/Users/evande/.gradle/caches/modules-2/files-2.1/org.openjfx/javafx-graphics/11/a736dd079047ec0b72b8c4970842a5c5e0c19f2f/javafx-graphics-11.jar:/Users/evande/.gradle/caches/modules-2/files-2.1/org.openjfx/javafx-base/11/ad3a4acfaa28b484d30c40c1f009445cc3f6e68b/javafx-base-11-win.jar:/Users/evande/.gradle/caches/modules-2/files-2.1/org.openjfx/javafx-base/11/4b060dad0affd866df9d959e064faa8a1a2f4af0/javaf
Launcher Type: SUN_STANDARD

[Global flags]
     intx CICompilerCount                          = 4                                         {product} {ergonomic}
     uint ConcGCThreads                            = 2                                         {product} {ergonomic}
     uint G1ConcRefinementThreads                  = 8                                         {product} {ergonomic}
   size_t G1HeapRegionSize                         = 1048576                                   {product} {ergonomic}
    uintx GCDrainStackTargetSize                   = 64                                        {product} {ergonomic}
   size_t InitialHeapSize                          = 134217728                                 {product} {ergonomic}
   size_t MarkStackSize                            = 4194304                                   {product} {ergonomic}
   size_t MaxHeapSize                              = 2147483648                                {product} {ergonomic}
   size_t MaxNewSize                               = 1287651328                                {product} {ergonomic}
   size_t MinHeapDeltaBytes                        = 1048576                                   {product} {ergonomic}
    uintx NonNMethodCodeHeapSize                   = 5836492                                {pd product} {ergonomic}
    uintx NonProfiledCodeHeapSize                  = 122910874                              {pd product} {ergonomic}
    uintx ProfiledCodeHeapSize                     = 122910874                              {pd product} {ergonomic}
    uintx ReservedCodeCacheSize                    = 251658240                              {pd product} {ergonomic}
     bool SegmentedCodeCache                       = true                                      {product} {ergonomic}
     bool UseCompressedClassPointers               = true                                 {lp64_product} {ergonomic}
     bool UseCompressedOops                        = true                                 {lp64_product} {ergonomic}
     bool UseG1GC                                  = true                                      {product} {ergonomic}

Logging:
Log output configuration:
 #0: stdout all=warning uptime,level,tags
 #1: stderr all=off uptime,level,tags

Environment Variables:
PATH=/usr/local/anaconda3/bin:/Library/Frameworks/Python.framework/Versions/3.10/bin:/opt/homebrew/bin:/opt/homebrew/sbin:/opt/homebrew/bin:/opt/homebrew/sbin:/usr/local/bin:/usr/bin:/bin:/usr/sbin:/sbin:/Applications/VMware Fusion Tech Preview.app/Contents/Public:/Library/Apple/usr/bin
SHELL=/bin/zsh
LC_CTYPE=en_SG.UTF-8

Signal Handlers:
SIGSEGV: [libjvm.dylib+0x72e4ec], sa_mask[0]=11111111011111110111111111111111, sa_flags=SA_ONSTACK|SA_RESTART|SA_SIGINFO
SIGBUS: [libjvm.dylib+0x72e4ec], sa_mask[0]=11111111011111110111111111111111, sa_flags=SA_RESTART|SA_SIGINFO
SIGFPE: [libjvm.dylib+0x72e4ec], sa_mask[0]=11111111011111110111111111111111, sa_flags=SA_RESTART|SA_SIGINFO
SIGPIPE: [libjvm.dylib+0x58d8b8], sa_mask[0]=11111111011111110111111111111111, sa_flags=SA_RESTART|SA_SIGINFO
SIGXFSZ: [libjvm.dylib+0x58d8b8], sa_mask[0]=11111111011111110111111111111111, sa_flags=SA_RESTART|SA_SIGINFO
SIGILL: [libjvm.dylib+0x72e4ec], sa_mask[0]=11111111011111110111111111111111, sa_flags=SA_RESTART|SA_SIGINFO
SIGUSR2: [libjvm.dylib+0x58deb8], sa_mask[0]=00100000000000000000000000000000, sa_flags=SA_RESTART|SA_SIGINFO
SIGHUP: [libjvm.dylib+0x58c624], sa_mask[0]=11111111011111110111111111111111, sa_flags=SA_RESTART|SA_SIGINFO
SIGINT: [libjvm.dylib+0x58c624], sa_mask[0]=11111111011111110111111111111111, sa_flags=SA_RESTART|SA_SIGINFO
SIGTERM: [libjvm.dylib+0x58c624], sa_mask[0]=11111111011111110111111111111111, sa_flags=SA_RESTART|SA_SIGINFO
SIGQUIT: [libjvm.dylib+0x58c624], sa_mask[0]=11111111011111110111111111111111, sa_flags=SA_RESTART|SA_SIGINFO


---------------  S Y S T E M  ---------------

OS:uname:Darwin 21.6.0 Darwin Kernel Version 21.6.0: Sat Jun 18 17:05:47 PDT 2022; root:xnu-8020.140.41~1/RELEASE_ARM64_T8101 arm64
OS uptime: 31 days 20:00 hours
rlimit (soft/hard): STACK 8176k/65520k , CORE 0k/infinity , NPROC 1333/2000 , NOFILE 10240/infinity , AS infinity/infinity , CPU infinity/infinity , DATA infinity/infinity , FSIZE infinity/infinity , MEMLOCK infinity/infinity , RSS infinity/infinity
load average:5.79 4.92 4.81

CPU:total 8 (initial active 8) 0x61:0x0:0x1b588bb3:0, simd, crc, lse

Memory: 16k page, physical 8388608k(181888k free), swap 4194304k(867136k free)

vm_info: OpenJDK 64-Bit Server VM (11.0.12+7-LTS) for bsd-aarch64 JRE (Zulu11.50+19-CA) (11.0.12+7-LTS), built on Jul 16 2021 10:21:46 by "zulu_re" with clang Apple LLVM 12.0.0 (clang-1200.0.32.28)

END.
